5FOH.pdb
3C31.pdb
3QEU.pdb
2I3I.pdb
4AMF.pdb
2ONE.pdb
5FTI.pdb
4ELC.pdb
1RKB.pdb
2V1M.pdb
4P3V.pdb
4A9V.pdb
1HJL.pdb
1H4D.pdb
1NQJ.pdb
4K1E.pdb
1HJJ.pdb
2I3H.pdb
5TVK.pdb
3GP6.pdb
4HGZ.pdb
3F7H.pdb
3F7I.pdb
1TW6.pdb
3IFS.pdb
2V8T.pdb
2ECS.pdb
4CLM.pdb
3HHI.pdb
5FHM.pdb
1KNW.pdb
2JHT.pdb
1VMG.pdb
3USC.pdb
4A05.pdb
3TXA.pdb
4TPN.pdb
3IIL.pdb
3IJ3.pdb
2V8U.pdb
4O3C.pdb
1DGD.pdb
2I61.pdb
5CMK.pdb
5G02.pdb
5I5A.pdb
5I5C.pdb
5I5B.pdb
3USE.pdb
3D2O.pdb
1H4C.pdb
1E5K.pdb
4IGT.pdb
5DJG.pdb
1H4E.pdb
3GTA.pdb
2CYD.pdb
3L4P.pdb
1MGW.pdb
3DXS.pdb
3HZD.pdb
4FAT.pdb
3B6O.pdb
5FOH.pdb
3C31.pdb
3QEU.pdb
2I3I.pdb
4AMF.pdb
2ONE.pdb
5FTI.pdb
4ELC.pdb
1RKB.pdb
2V1M.pdb
4P3V.pdb
4A9V.pdb
1HJL.pdb
1H4D.pdb
1NQJ.pdb
4K1E.pdb
1HJJ.pdb
2I3H.pdb
5TVK.pdb
3GP6.pdb
4HGZ.pdb
3F7H.pdb
3F7I.pdb
1TW6.pdb
3IFS.pdb
2V8T.pdb
2ECS.pdb
4CLM.pdb
3HHI.pdb
5FHM.pdb
1KNW.pdb
2JHT.pdb
1VMG.pdb
3USC.pdb
4A05.pdb
3TXA.pdb
4TPN.pdb
3IIL.pdb
3IJ3.pdb
2V8U.pdb
4O3C.pdb
1DGD.pdb
2I61.pdb
5CMK.pdb
5G02.pdb
5I5A.pdb
5I5C.pdb
5I5B.pdb
3USE.pdb
3D2O.pdb
1H4C.pdb
1E5K.pdb
4IGT.pdb
5DJG.pdb
1H4E.pdb
3GTA.pdb
2CYD.pdb
3L4P.pdb
1MGW.pdb
3DXS.pdb
3HZD.pdb
4FAT.pdb
3B6O.pdb
